<?xml version="1.0" encoding="UTF-8"?>
<!-- Generated by org.testng.reporters.JUnitReportReporter -->
<testsuite skipped="0" hostname="logovskoy" name="firstCheck.TestRun2" tests="1" failures="0" timestamp="20 фев 2018 14:43:30 GMT" time="0.007" errors="0">
  <testcase name="myTest" time="0.007" classname="firstCheck.TestRun2"/>
</testsuite> <!-- firstCheck.TestRun2 -->
