<?xml version="1.0" encoding="UTF-8"?>
<!-- Generated by org.testng.reporters.JUnitReportReporter -->
<testsuite skipped="0" hostname="logovskoy" name="firstCheck.TestRun" tests="2" failures="0" timestamp="20 фев 2018 14:43:30 GMT" time="0.532" errors="0">
  <testcase name="TestI" time="0.122" classname="firstCheck.TestRun"/>
  <testcase name="Test2" time="0.410" classname="firstCheck.TestRun"/>
</testsuite> <!-- firstCheck.TestRun -->
